<?xml version="1.0" encoding="UTF-8"?>
<!-- Generated by org.testng.reporters.JUnitReportReporter -->
<testsuite hostname="1234-PC" name="com.Ideator.Signup.MainToRun" tests="1" failures="0" timestamp="11 Aug 2015 21:24:52 GMT" time="20.978" errors="0">
  <testcase name="ClickonIdeator" time="20.978" classname="com.Ideator.Signup.MainToRun"/>
</testsuite> <!-- com.Ideator.Signup.MainToRun -->
