<?xml version="1.0" encoding="UTF-8"?>
<!-- Generated by org.testng.reporters.JUnitReportReporter -->
<testsuite hostname="1234-PC" name="com.Ideator.Signup.IdeatorSignin" tests="8" failures="0" timestamp="12 Aug 2015 17:36:53 GMT" time="51.667" errors="0">
  <testcase name="dashBoardCover" time="7.972" classname="com.Ideator.Signup.IdeatorSignin"/>
  <testcase name="signin" time="7.909" classname="com.Ideator.Signup.IdeatorSignin"/>
  <testcase name="dashBoardResume" time="10.483" classname="com.Ideator.Signup.IdeatorSignin"/>
  <testcase name="dashBoardPrefered" time="6.489" classname="com.Ideator.Signup.IdeatorSignin"/>
  <testcase name="dashBoardLogout" time="4.072" classname="com.Ideator.Signup.IdeatorSignin"/>
  <testcase name="dashBoardSearchAlerts" time="7.207" classname="com.Ideator.Signup.IdeatorSignin"/>
  <testcase name="dashBoardRecentlyApplied" time="6.599" classname="com.Ideator.Signup.IdeatorSignin"/>
  <testcase name="dashBoardLatest" time="0.936" classname="com.Ideator.Signup.IdeatorSignin"/>
</testsuite> <!-- com.Ideator.Signup.IdeatorSignin -->
